<?xml version="1.0" encoding="UTF-8"?>
<Site BuildName="(empty)"
	BuildStamp="20260110-0934-Experimental"
	Name="pct"
	Generator="ctest-3.22.1"
	CompilerName="/opt/xtensa-esp-elf/bin/xtensa-esp-elf-g++"
	CompilerVersion="13.2.0"
	OSName="Linux"
	Hostname="pct"
	OSRelease="6.8.0-90-generic"
	OSVersion="#91~22.04.1-Ubuntu SMP PREEMPT_DYNAMIC Thu Nov 20 15:20:45 UTC 2"
	OSPlatform="x86_64"
	Is64Bits="1"
	VendorString="GenuineIntel"
	VendorID="Intel Corporation"
	FamilyID="6"
	ModelID="186"
	ProcessorCacheSize="18432"
	NumberOfLogicalCPU="16"
	NumberOfPhysicalCPU="12"
	TotalVirtualMemory="11729"
	TotalPhysicalMemory="15715"
	LogicalProcessorsPerPhysical="1"
	ProcessorClockFrequency="2716.84"
	>
	<Testing>
		<StartDateTime>Jan 10 17:34 CST</StartDateTime>
		<StartTestTime>1768037685</StartTestTime>
		<TestList/>
		<EndDateTime>Jan 10 17:34 CST</EndDateTime>
		<EndTestTime>1768037685</EndTestTime>
		<ElapsedMinutes>0</ElapsedMinutes>
	</Testing>
</Site>
